2025-01-03 21:57:32 DEBUG TelegramBot:35 - Salem
2025-01-06 08:45:02 DEBUG TelegramBot:38 - Salam
2025-01-06 08:45:31 DEBUG TelegramBot:38 - Вообщем, я решил проблему с ломбоком
2025-01-06 09:08:52 DEBUG TelegramBot:40 - У меня сегодня формирование расписания :)
2025-01-06 09:08:52 ERROR TelegramBot:53 - org.telegram.telegrambots.meta.exceptions.TelegramApiRequestException: Unable to deserialize response
2025-01-08 22:54:32 DEBUG UpdateProducerImpl:14 - Hello, we doing this after second lesson
2025-01-08 22:56:30 ERROR UpdateController:37 - Received unsupported message type is received: Update(updateId=811094874, message=null, inlineQuery=null, chosenInlineQuery=null, callbackQuery=null, editedMessage=Message(messageId=16, from=User(id=625054506, firstName=nepridumalll, isBot=false, lastName=null, userName=null, languageCode=ru, canJoinGroups=null, canReadAllGroupMessages=null, supportInlineQueries=null, isPremium=null, addedToAttachmentMenu=null), date=1736358873, chat=Chat(id=625054506, type=private, title=null, firstName=nepridumalll, lastName=null, userName=null, photo=null, description=null, inviteLink=null, pinnedMessage=null, stickerSetName=null, canSetStickerSet=null, permissions=null, slowModeDelay=null, bio=null, linkedChatId=null, location=null, messageAutoDeleteTime=null, hasPrivateForwards=null, HasProtectedContent=null, joinToSendMessages=null, joinByRequest=null), forwardFrom=null, forwardFromChat=null, forwardDate=null, text=Hello, entities=null, captionEntities=null, audio=null, document=null, photo=null, sticker=null, video=null, contact=null, location=null, venue=null, animation=null, pinnedMessage=null, newChatMembers=[], leftChatMember=null, newChatTitle=null, newChatPhoto=null, deleteChatPhoto=null, groupchatCreated=null, replyToMessage=null, voice=null, caption=null, superGroupCreated=null, channelChatCreated=null, migrateToChatId=null, migrateFromChatId=null, editDate=1736358990, game=null, forwardFromMessageId=null, invoice=null, successfulPayment=null, videoNote=null, authorSignature=null, forwardSignature=null, mediaGroupId=null, connectedWebsite=null, passportData=null, forwardSenderName=null, poll=null, replyMarkup=null, dice=null, viaBot=null, senderChat=null, proximityAlertTriggered=null, messageAutoDeleteTimerChanged=null, isAutomaticForward=null, hasProtectedContent=null, webAppData=null, videoChatStarted=null, videoChatEnded=null, videoChatParticipantsInvited=null, videoChatScheduled=null), channelPost=null, editedChannelPost=null, shippingQuery=null, preCheckoutQuery=null, poll=null, pollAnswer=null, myChatMember=null, chatMember=null, chatJoinRequest=null)
2025-01-08 22:57:18 DEBUG UpdateProducerImpl:14 - 
2025-01-08 22:59:56 DEBUG UpdateProducerImpl:14 - Пробуем еще раз!
2025-01-08 23:00:13 DEBUG UpdateProducerImpl:14 - 
2025-01-08 23:00:43 DEBUG UpdateProducerImpl:14 - 
2025-01-17 04:33:52 DEBUG UpdateProducerImpl:21 - Hello
2025-01-30 19:18:35 DEBUG UpdateProducerImpl:21 - hello
2025-01-30 19:18:41 DEBUG UpdateProducerImpl:21 - h
2025-01-30 19:18:41 DEBUG UpdateProducerImpl:21 - h
2025-01-30 19:18:41 DEBUG UpdateProducerImpl:21 - h
2025-01-30 19:18:43 DEBUG UpdateProducerImpl:21 - h
2025-01-30 19:18:43 DEBUG UpdateProducerImpl:21 - h
2025-01-30 19:18:43 DEBUG UpdateProducerImpl:21 - h
2025-01-30 19:18:43 DEBUG UpdateProducerImpl:21 - h
2025-02-02 13:09:45 DEBUG UpdateProducerImpl:21 - Sup
2025-02-02 13:09:50 DEBUG UpdateProducerImpl:21 - Sup
2025-02-02 13:10:12 DEBUG UpdateProducerImpl:21 - La la lal lal
2025-02-02 13:10:15 DEBUG UpdateProducerImpl:21 - f
2025-02-02 13:10:15 DEBUG UpdateProducerImpl:21 - f
2025-02-02 13:10:15 DEBUG UpdateProducerImpl:21 - f
2025-02-02 13:10:16 DEBUG UpdateProducerImpl:21 - ff
2025-02-02 13:10:16 DEBUG UpdateProducerImpl:21 - f
2025-02-02 13:10:16 DEBUG UpdateProducerImpl:21 - f
2025-02-02 13:11:33 DEBUG UpdateProducerImpl:21 - 
2025-02-02 13:11:42 DEBUG UpdateProducerImpl:21 - d
2025-02-02 13:12:31 DEBUG UpdateProducerImpl:21 - fdfdfdfd
2025-02-02 13:17:29 DEBUG UpdateProducerImpl:21 - Hello, whats the problem>
2025-02-02 13:18:59 DEBUG UpdateProducerImpl:21 - did u hear anything, rabbit
2025-02-02 13:19:00 DEBUG UpdateProducerImpl:21 - ?
2025-02-02 13:19:07 DEBUG UpdateProducerImpl:21 - 
2025-02-02 18:04:35 ERROR TelegramBot:87 - Ошибка при отправке документа
org.telegram.telegrambots.meta.exceptions.TelegramApiException: Unable to send document
	at org.telegram.telegrambots.bots.DefaultAbsSender.execute(DefaultAbsSender.java:203)
	at ru.relex.controller.TelegramBot.sendAnswerDocument(TelegramBot.java:85)
	at ru.relex.controller.UpdateController.sendExcelFile(UpdateController.java:88)
	at ru.relex.controller.UpdateController.handleDocumentMessage(UpdateController.java:72)
	at ru.relex.controller.UpdateController.processUpdate(UpdateController.java:44)
	at ru.relex.controller.TelegramBot.onUpdateReceived(TelegramBot.java:69)
	at java.base/java.util.ArrayList.forEach(ArrayList.java:1597)
	at org.telegram.telegrambots.meta.generics.LongPollingBot.onUpdatesReceived(LongPollingBot.java:27)
	at org.telegram.telegrambots.updatesreceivers.DefaultBotSession$HandlerThread.run(DefaultBotSession.java:317)
Caused by: java.io.FileNotFoundException: C:\Users\Admin\Documents\work (Отказано в доступе)
	at java.base/java.io.FileInputStream.open0(Native Method)
	at java.base/java.io.FileInputStream.open(FileInputStream.java:213)
	at java.base/java.io.FileInputStream.<init>(FileInputStream.java:152)
	at org.apache.http.entity.mime.content.FileBody.writeTo(FileBody.java:116)
	at org.apache.http.entity.mime.AbstractMultipartForm.doWriteTo(AbstractMultipartForm.java:134)
	at org.apache.http.entity.mime.AbstractMultipartForm.writeTo(AbstractMultipartForm.java:157)
	at org.apache.http.entity.mime.MultipartFormEntity.writeTo(MultipartFormEntity.java:113)
	at org.apache.http.impl.DefaultBHttpClientConnection.sendRequestEntity(DefaultBHttpClientConnection.java:156)
	at org.apache.http.impl.conn.CPoolProxy.sendRequestEntity(CPoolProxy.java:152)
	at org.apache.http.protocol.HttpRequestExecutor.doSendRequest(HttpRequestExecutor.java:238)
	at org.apache.http.protocol.HttpRequestExecutor.execute(HttpRequestExecutor.java:123)
	at org.apache.http.impl.execchain.MainClientExec.execute(MainClientExec.java:272)
	at org.apache.http.impl.execchain.ProtocolExec.execute(ProtocolExec.java:186)
	at org.apache.http.impl.execchain.RetryExec.execute(RetryExec.java:89)
	at org.apache.http.impl.execchain.RedirectExec.execute(RedirectExec.java:110)
	at org.apache.http.impl.client.InternalHttpClient.doExecute(InternalHttpClient.java:185)
	at org.apache.http.impl.client.CloseableHttpClient.execute(CloseableHttpClient.java:83)
	at org.telegram.telegrambots.bots.DefaultAbsSender.sendHttpPostRequest(DefaultAbsSender.java:1079)
	at org.telegram.telegrambots.bots.DefaultAbsSender.execute(DefaultAbsSender.java:201)
	... 8 more
2025-02-02 18:07:36 ERROR TelegramBot:87 - Ошибка при отправке документа
org.telegram.telegrambots.meta.exceptions.TelegramApiException: Unable to send document
	at org.telegram.telegrambots.bots.DefaultAbsSender.execute(DefaultAbsSender.java:203)
	at ru.relex.controller.TelegramBot.sendAnswerDocument(TelegramBot.java:85)
	at ru.relex.controller.UpdateController.sendExcelFile(UpdateController.java:88)
	at ru.relex.controller.UpdateController.handleDocumentMessage(UpdateController.java:72)
	at ru.relex.controller.UpdateController.processUpdate(UpdateController.java:44)
	at ru.relex.controller.TelegramBot.onUpdateReceived(TelegramBot.java:69)
	at java.base/java.util.ArrayList.forEach(ArrayList.java:1597)
	at org.telegram.telegrambots.meta.generics.LongPollingBot.onUpdatesReceived(LongPollingBot.java:27)
	at org.telegram.telegrambots.updatesreceivers.DefaultBotSession$HandlerThread.run(DefaultBotSession.java:317)
Caused by: java.io.FileNotFoundException: C:\Users\Admin\Documents\work (Отказано в доступе)
	at java.base/java.io.FileInputStream.open0(Native Method)
	at java.base/java.io.FileInputStream.open(FileInputStream.java:213)
	at java.base/java.io.FileInputStream.<init>(FileInputStream.java:152)
	at org.apache.http.entity.mime.content.FileBody.writeTo(FileBody.java:116)
	at org.apache.http.entity.mime.AbstractMultipartForm.doWriteTo(AbstractMultipartForm.java:134)
	at org.apache.http.entity.mime.AbstractMultipartForm.writeTo(AbstractMultipartForm.java:157)
	at org.apache.http.entity.mime.MultipartFormEntity.writeTo(MultipartFormEntity.java:113)
	at org.apache.http.impl.DefaultBHttpClientConnection.sendRequestEntity(DefaultBHttpClientConnection.java:156)
	at org.apache.http.impl.conn.CPoolProxy.sendRequestEntity(CPoolProxy.java:152)
	at org.apache.http.protocol.HttpRequestExecutor.doSendRequest(HttpRequestExecutor.java:238)
	at org.apache.http.protocol.HttpRequestExecutor.execute(HttpRequestExecutor.java:123)
	at org.apache.http.impl.execchain.MainClientExec.execute(MainClientExec.java:272)
	at org.apache.http.impl.execchain.ProtocolExec.execute(ProtocolExec.java:186)
	at org.apache.http.impl.execchain.RetryExec.execute(RetryExec.java:89)
	at org.apache.http.impl.execchain.RedirectExec.execute(RedirectExec.java:110)
	at org.apache.http.impl.client.InternalHttpClient.doExecute(InternalHttpClient.java:185)
	at org.apache.http.impl.client.CloseableHttpClient.execute(CloseableHttpClient.java:83)
	at org.telegram.telegrambots.bots.DefaultAbsSender.sendHttpPostRequest(DefaultAbsSender.java:1079)
	at org.telegram.telegrambots.bots.DefaultAbsSender.execute(DefaultAbsSender.java:201)
	... 8 more
2025-02-02 18:13:01 ERROR TelegramBot:87 - Ошибка при отправке документа
org.telegram.telegrambots.meta.exceptions.TelegramApiException: Unable to send document
	at org.telegram.telegrambots.bots.DefaultAbsSender.execute(DefaultAbsSender.java:203)
	at ru.relex.controller.TelegramBot.sendAnswerDocument(TelegramBot.java:85)
	at ru.relex.controller.UpdateController.sendExcelFile(UpdateController.java:88)
	at ru.relex.controller.UpdateController.handleDocumentMessage(UpdateController.java:72)
	at ru.relex.controller.UpdateController.processUpdate(UpdateController.java:44)
	at ru.relex.controller.TelegramBot.onUpdateReceived(TelegramBot.java:69)
	at java.base/java.util.ArrayList.forEach(ArrayList.java:1597)
	at org.telegram.telegrambots.meta.generics.LongPollingBot.onUpdatesReceived(LongPollingBot.java:27)
	at org.telegram.telegrambots.updatesreceivers.DefaultBotSession$HandlerThread.run(DefaultBotSession.java:317)
Caused by: java.io.FileNotFoundException: C:\Users\Admin\Documents\work (Отказано в доступе)
	at java.base/java.io.FileInputStream.open0(Native Method)
	at java.base/java.io.FileInputStream.open(FileInputStream.java:213)
	at java.base/java.io.FileInputStream.<init>(FileInputStream.java:152)
	at org.apache.http.entity.mime.content.FileBody.writeTo(FileBody.java:116)
	at org.apache.http.entity.mime.AbstractMultipartForm.doWriteTo(AbstractMultipartForm.java:134)
	at org.apache.http.entity.mime.AbstractMultipartForm.writeTo(AbstractMultipartForm.java:157)
	at org.apache.http.entity.mime.MultipartFormEntity.writeTo(MultipartFormEntity.java:113)
	at org.apache.http.impl.DefaultBHttpClientConnection.sendRequestEntity(DefaultBHttpClientConnection.java:156)
	at org.apache.http.impl.conn.CPoolProxy.sendRequestEntity(CPoolProxy.java:152)
	at org.apache.http.protocol.HttpRequestExecutor.doSendRequest(HttpRequestExecutor.java:238)
	at org.apache.http.protocol.HttpRequestExecutor.execute(HttpRequestExecutor.java:123)
	at org.apache.http.impl.execchain.MainClientExec.execute(MainClientExec.java:272)
	at org.apache.http.impl.execchain.ProtocolExec.execute(ProtocolExec.java:186)
	at org.apache.http.impl.execchain.RetryExec.execute(RetryExec.java:89)
	at org.apache.http.impl.execchain.RedirectExec.execute(RedirectExec.java:110)
	at org.apache.http.impl.client.InternalHttpClient.doExecute(InternalHttpClient.java:185)
	at org.apache.http.impl.client.CloseableHttpClient.execute(CloseableHttpClient.java:83)
	at org.telegram.telegrambots.bots.DefaultAbsSender.sendHttpPostRequest(DefaultAbsSender.java:1079)
	at org.telegram.telegrambots.bots.DefaultAbsSender.execute(DefaultAbsSender.java:201)
	... 8 more
2025-02-02 19:19:42 ERROR UpdateController:175 - Ошибка при выполнении OCR
net.sourceforge.tess4j.TesseractException: java.io.IOException: Error extracting PDF Document
	at net.sourceforge.tess4j.Tesseract.doOCR(Tesseract.java:260)
	at net.sourceforge.tess4j.Tesseract.doOCR(Tesseract.java:209)
	at ru.relex.controller.UpdateController.performOCROnDocument(UpdateController.java:173)
	at ru.relex.controller.UpdateController.extractPaymentAmountFromDocument(UpdateController.java:142)
	at ru.relex.controller.UpdateController.handleDocumentMessage(UpdateController.java:127)
	at ru.relex.controller.UpdateController.processUpdate(UpdateController.java:52)
	at ru.relex.controller.TelegramBot.onUpdateReceived(TelegramBot.java:69)
	at java.base/java.util.ArrayList.forEach(ArrayList.java:1597)
	at org.telegram.telegrambots.meta.generics.LongPollingBot.onUpdatesReceived(LongPollingBot.java:27)
	at org.telegram.telegrambots.updatesreceivers.DefaultBotSession$HandlerThread.run(DefaultBotSession.java:317)
Caused by: java.io.IOException: Error extracting PDF Document
	at net.sourceforge.tess4j.util.PdfBoxUtilities.convertPdf2Png(PdfBoxUtilities.java:129)
	at net.sourceforge.tess4j.util.PdfBoxUtilities.convertPdf2Tiff(PdfBoxUtilities.java:58)
	at net.sourceforge.tess4j.util.PdfUtilities.convertPdf2Tiff(PdfUtilities.java:34)
	at net.sourceforge.tess4j.util.ImageIOHelper.getImageFile(ImageIOHelper.java:327)
	at net.sourceforge.tess4j.Tesseract.doOCR(Tesseract.java:225)
	... 9 more
2025-02-02 19:20:49 ERROR UpdateController:175 - Ошибка при выполнении OCR
net.sourceforge.tess4j.TesseractException: java.io.IOException: Error extracting PDF Document
	at net.sourceforge.tess4j.Tesseract.doOCR(Tesseract.java:260)
	at net.sourceforge.tess4j.Tesseract.doOCR(Tesseract.java:209)
	at ru.relex.controller.UpdateController.performOCROnDocument(UpdateController.java:173)
	at ru.relex.controller.UpdateController.extractPaymentAmountFromDocument(UpdateController.java:142)
	at ru.relex.controller.UpdateController.handleDocumentMessage(UpdateController.java:127)
	at ru.relex.controller.UpdateController.processUpdate(UpdateController.java:52)
	at ru.relex.controller.TelegramBot.onUpdateReceived(TelegramBot.java:69)
	at java.base/java.util.ArrayList.forEach(ArrayList.java:1597)
	at org.telegram.telegrambots.meta.generics.LongPollingBot.onUpdatesReceived(LongPollingBot.java:27)
	at org.telegram.telegrambots.updatesreceivers.DefaultBotSession$HandlerThread.run(DefaultBotSession.java:317)
Caused by: java.io.IOException: Error extracting PDF Document
	at net.sourceforge.tess4j.util.PdfBoxUtilities.convertPdf2Png(PdfBoxUtilities.java:129)
	at net.sourceforge.tess4j.util.PdfBoxUtilities.convertPdf2Tiff(PdfBoxUtilities.java:58)
	at net.sourceforge.tess4j.util.PdfUtilities.convertPdf2Tiff(PdfUtilities.java:34)
	at net.sourceforge.tess4j.util.ImageIOHelper.getImageFile(ImageIOHelper.java:327)
	at net.sourceforge.tess4j.Tesseract.doOCR(Tesseract.java:225)
	... 9 more
2025-02-02 19:22:43 ERROR UpdateController:177 - Ошибка при выполнении OCR
net.sourceforge.tess4j.TesseractException: java.io.IOException: Error extracting PDF Document
	at net.sourceforge.tess4j.Tesseract.doOCR(Tesseract.java:260)
	at net.sourceforge.tess4j.Tesseract.doOCR(Tesseract.java:209)
	at ru.relex.controller.UpdateController.performOCROnDocument(UpdateController.java:175)
	at ru.relex.controller.UpdateController.extractPaymentAmountFromDocument(UpdateController.java:144)
	at ru.relex.controller.UpdateController.handleDocumentMessage(UpdateController.java:129)
	at ru.relex.controller.UpdateController.processUpdate(UpdateController.java:54)
	at ru.relex.controller.TelegramBot.onUpdateReceived(TelegramBot.java:69)
	at java.base/java.util.ArrayList.forEach(ArrayList.java:1597)
	at org.telegram.telegrambots.meta.generics.LongPollingBot.onUpdatesReceived(LongPollingBot.java:27)
	at org.telegram.telegrambots.updatesreceivers.DefaultBotSession$HandlerThread.run(DefaultBotSession.java:317)
Caused by: java.io.IOException: Error extracting PDF Document
	at net.sourceforge.tess4j.util.PdfBoxUtilities.convertPdf2Png(PdfBoxUtilities.java:129)
	at net.sourceforge.tess4j.util.PdfBoxUtilities.convertPdf2Tiff(PdfBoxUtilities.java:58)
	at net.sourceforge.tess4j.util.PdfUtilities.convertPdf2Tiff(PdfUtilities.java:34)
	at net.sourceforge.tess4j.util.ImageIOHelper.getImageFile(ImageIOHelper.java:327)
	at net.sourceforge.tess4j.Tesseract.doOCR(Tesseract.java:225)
	... 9 more
2025-02-02 19:23:50 ERROR UpdateController:177 - Ошибка при выполнении OCR
net.sourceforge.tess4j.TesseractException: java.io.IOException: Error extracting PDF Document
	at net.sourceforge.tess4j.Tesseract.doOCR(Tesseract.java:260)
	at net.sourceforge.tess4j.Tesseract.doOCR(Tesseract.java:209)
	at ru.relex.controller.UpdateController.performOCROnDocument(UpdateController.java:175)
	at ru.relex.controller.UpdateController.extractPaymentAmountFromDocument(UpdateController.java:144)
	at ru.relex.controller.UpdateController.handleDocumentMessage(UpdateController.java:129)
	at ru.relex.controller.UpdateController.processUpdate(UpdateController.java:54)
	at ru.relex.controller.TelegramBot.onUpdateReceived(TelegramBot.java:69)
	at java.base/java.util.ArrayList.forEach(ArrayList.java:1597)
	at org.telegram.telegrambots.meta.generics.LongPollingBot.onUpdatesReceived(LongPollingBot.java:27)
	at org.telegram.telegrambots.updatesreceivers.DefaultBotSession$HandlerThread.run(DefaultBotSession.java:317)
Caused by: java.io.IOException: Error extracting PDF Document
	at net.sourceforge.tess4j.util.PdfBoxUtilities.convertPdf2Png(PdfBoxUtilities.java:129)
	at net.sourceforge.tess4j.util.PdfBoxUtilities.convertPdf2Tiff(PdfBoxUtilities.java:58)
	at net.sourceforge.tess4j.util.PdfUtilities.convertPdf2Tiff(PdfUtilities.java:34)
	at net.sourceforge.tess4j.util.ImageIOHelper.getImageFile(ImageIOHelper.java:327)
	at net.sourceforge.tess4j.Tesseract.doOCR(Tesseract.java:225)
	... 9 more
2025-02-02 19:27:47 ERROR UpdateController:177 - Ошибка при выполнении OCR
net.sourceforge.tess4j.TesseractException: java.io.IOException: Error extracting PDF Document
	at net.sourceforge.tess4j.Tesseract.doOCR(Tesseract.java:260)
	at net.sourceforge.tess4j.Tesseract.doOCR(Tesseract.java:209)
	at ru.relex.controller.UpdateController.performOCROnDocument(UpdateController.java:175)
	at ru.relex.controller.UpdateController.extractPaymentAmountFromDocument(UpdateController.java:144)
	at ru.relex.controller.UpdateController.handleDocumentMessage(UpdateController.java:129)
	at ru.relex.controller.UpdateController.processUpdate(UpdateController.java:54)
	at ru.relex.controller.TelegramBot.onUpdateReceived(TelegramBot.java:69)
	at java.base/java.util.ArrayList.forEach(ArrayList.java:1597)
	at org.telegram.telegrambots.meta.generics.LongPollingBot.onUpdatesReceived(LongPollingBot.java:27)
	at org.telegram.telegrambots.updatesreceivers.DefaultBotSession$HandlerThread.run(DefaultBotSession.java:317)
Caused by: java.io.IOException: Error extracting PDF Document
	at net.sourceforge.tess4j.util.PdfBoxUtilities.convertPdf2Png(PdfBoxUtilities.java:129)
	at net.sourceforge.tess4j.util.PdfBoxUtilities.convertPdf2Tiff(PdfBoxUtilities.java:58)
	at net.sourceforge.tess4j.util.PdfUtilities.convertPdf2Tiff(PdfUtilities.java:34)
	at net.sourceforge.tess4j.util.ImageIOHelper.getImageFile(ImageIOHelper.java:327)
	at net.sourceforge.tess4j.Tesseract.doOCR(Tesseract.java:225)
	... 9 more
2025-02-02 21:00:20 INFO  UpdateController:173 - Распознанный текст:
( 1

Покупки

Ф ИП Sulu Home(6. 18-20)

Платеж успешно совершен

7 900 T

№ чека QR9007419936
ИИН/БИН продавца 921014451478
ФИО покупателя Аяжан К.
Дата и время 27.12.2024 22:19
по Астане

Оплачено с Kaspi Gold
Agpec г. Алматы, Северное Кольцо (ТД Anan), 11
*Чек не является фискальным

2025-02-02 21:00:20 INFO  UpdateController:201 - Финальная сумма из чека: 0.0
2025-02-02 21:02:28 INFO  UpdateController:173 - Распознанный текст:
( a

Покупки

Ф ИП Sulu Home(6. 18-20)

Платеж успешно совершен

7 900 T

№ чека QR9003177265
ИИН/БИН продавца 921014451478
ФИО покупателя Назима Е.
Дата и время 27.12.2024 16:37
по Астане

Оплачено с Kaspi Gold
Agpec г. Алматы, Северное Кольцо (ТД Anan), 11
*Чек не является фискальным

2025-02-02 21:02:28 INFO  UpdateController:203 - Финальная сумма из чека: 0.0
2025-02-02 21:03:12 INFO  UpdateController:173 - Распознанный текст:
( 1

Покупки

Ф ИП Sulu Home(6. 18-20)

Платеж успешно совершен

7 900 T

№ чека QR9007419936
ИИН/БИН продавца 921014451478
ФИО покупателя Аяжан К.
Дата и время 27.12.2024 22:19
по Астане

Оплачено с Kaspi Gold
Agpec г. Алматы, Северное Кольцо (ТД Anan), 11
*Чек не является фискальным

2025-02-02 21:03:12 INFO  UpdateController:203 - Финальная сумма из чека: 0.0
2025-02-02 21:03:27 INFO  UpdateController:173 - Распознанный текст:
( a

Сатып anFaHbIM

oO ИП Sulu Home(6. 18-20)

Телем сэтт! етт!

7 900 T

Ty6iptek № QR9332321537
Сатушынын ЖСН/БСН 921014451478
Сатып алушынын ATbI->KOHI Айша А.
Кун! мен уакыты 28.01.2025 13:04
(Астана)

Теленд! Kaspi Red-TeH
Мекенжай Алматы K., Северное Кольцо (ТД Anan), 11
*Тубртек фискалды емес

2025-02-02 21:03:27 INFO  UpdateController:203 - Финальная сумма из чека: 0.0
2025-02-02 21:03:59 INFO  UpdateController:173 - Распознанный текст:
( a

@ QAUASHAQ

Платеж успешно совершен

23 700 т

№ чека QR9357487805
ИИН/БИН продавца 921014451478
ФИО покупателя Камшат М.
Дата и время 30.01.2025 16:15
по Астане

Оплачено с Казр! Red+
Адрес г. Алматы, Северное кольцо, 11
*Чек не является фискальным

2025-02-02 21:03:59 INFO  UpdateController:203 - Финальная сумма из чека: 0.0
2025-02-02 21:05:28 INFO  UpdateController:173 - Распознанный текст:
( a

@ QAUASHAQ

Платеж успешно совершен

23 700 т

№ чека QR9357487805
ИИН/БИН продавца 921014451478
ФИО покупателя Камшат М.
Дата и время 30.01.2025 16:15
по Астане

Оплачено с Казр! Red+
Адрес г. Алматы, Северное кольцо, 11
*Чек не является фискальным

2025-02-02 21:05:28 INFO  UpdateController:206 - Финальная сумма из чека: 0.0
2025-02-02 21:06:31 INFO  UpdateController:173 - Распознанный текст:
( 1

Покупки

Ф ИП Sulu Home(6. 18-20)

Платеж успешно совершен

15 800 TF

№ чека QR9328001866
ИИН/БИН продавца 921014451478
ФИО покупателя Бахыткул Е.
Дата и время 27.01.2025 21:26
по Астане

Оплачено с Kaspi Red
Agpec г. Алматы, Северное Кольцо (ТД Anan), 11
*Чек не является фискальным

2025-02-02 21:06:31 INFO  UpdateController:206 - Финальная сумма из чека: 0.0
2025-02-02 21:07:43 INFO  UpdateController:173 - Распознанный текст:
( 1

Покупки

Ф ИП Sulu Home(6. 18-20)

Платеж успешно совершен

7 900 T

№ чека QR9007419936
ИИН/БИН продавца 921014451478
ФИО покупателя Аяжан К.
Дата и время 27.12.2024 22:19
по Астане

Оплачено с Kaspi Gold
Agpec г. Алматы, Северное Кольцо (ТД Anan), 11
*Чек не является фискальным

2025-02-02 21:07:43 INFO  UpdateController:206 - Финальная сумма из чека: 0.0
2025-02-02 21:11:07 INFO  UpdateController:173 - Распознанный текст:
( 1

Покупки

Ф ИП Sulu Home(6. 18-20)

Платеж успешно совершен

7 900 T

№ чека QR9007419936
ИИН/БИН продавца 921014451478
ФИО покупателя Аяжан К.
Дата и время 27.12.2024 22:19
по Астане

Оплачено с Kaspi Gold
Agpec г. Алматы, Северное Кольцо (ТД Anan), 11
*Чек не является фискальным

2025-02-02 21:11:07 INFO  UpdateController:204 - Финальная сумма из чека: 0.0
2025-02-02 23:21:27 INFO  UpdateController:173 - Распознанный текст:
( a

Покупки

Ф ИП Sulu Home(6. 18-20)

Платеж успешно совершен

8 000 т

№ чека QR9003063699
ИИН/БИН продавца 921014451478
ФИО покупателя Фариза Ж.
Дата и время 27.12.2024 16:30
по Астане

Оплачено с Kaspi Gold
Agpec г. Алматы, Северное Кольцо (ТД Anan), 11
*Чек не является фискальным

2025-02-02 23:21:27 INFO  UpdateController:204 - Финальная сумма из чека: 0.0
2025-02-04 21:17:18 INFO  UpdateController:173 - Распознанный текст:
( a

Покупки

Ф ИП Sulu Home(6. 18-20)

Платеж успешно совершен

7 900 T

№ чека QR9003177265
ИИН/БИН продавца 921014451478
ФИО покупателя Назима Е.
Дата и время 27.12.2024 16:37
по Астане

Оплачено с Kaspi Gold
Agpec г. Алматы, Северное Кольцо (ТД Anan), 11
*Чек не является фискальным

2025-02-04 21:17:18 INFO  UpdateController:204 - Финальная сумма из чека: 0.0
2025-02-04 21:18:56 INFO  UpdateController:173 - Распознанный текст:
( a

Покупки

Ф ИП Sulu Home(6. 18-20)

Платеж успешно совершен

7 900 T

№ чека QR9003177265
ИИН/БИН продавца 921014451478
ФИО покупателя Назима Е.
Дата и время 27.12.2024 16:37
по Астане

Оплачено с Kaspi Gold
Agpec г. Алматы, Северное Кольцо (ТД Anan), 11
*Чек не является фискальным

2025-02-04 21:18:56 INFO  UpdateController:204 - Финальная сумма из чека: 0.0
2025-02-04 21:24:30 INFO  UpdateController:173 - Распознанный текст:
( a

Покупки

Ф ИП Sulu Home(6. 18-20)

Платеж успешно совершен

7 900 T

№ чека QR9003177265
ИИН/БИН продавца 921014451478
ФИО покупателя Назима Е.
Дата и время 27.12.2024 16:37
по Астане

Оплачено с Kaspi Gold
Agpec г. Алматы, Северное Кольцо (ТД Anan), 11
*Чек не является фискальным

2025-02-04 21:24:30 INFO  UpdateController:212 - Финальная сумма из чека: 0.0
2025-02-04 21:28:35 INFO  UpdateController:173 - Распознанный текст:
( a

Покупки

Ф ИП Sulu Home(6. 18-20)

Платеж успешно совершен

7 900 T

№ чека QR9003177265
ИИН/БИН продавца 921014451478
ФИО покупателя Назима Е.
Дата и время 27.12.2024 16:37
по Астане

Оплачено с Kaspi Gold
Agpec г. Алматы, Северное Кольцо (ТД Anan), 11
*Чек не является фискальным

2025-02-04 21:28:35 INFO  UpdateController:209 - Финальная сумма из чека: 0.0
2025-02-04 21:36:50 INFO  UpdateController:173 - Распознанный текст:
( a

Покупки

Ф ИП Sulu Home(6. 18-20)

Платеж успешно совершен

7 900 T

№ чека QR9003177265
ИИН/БИН продавца 921014451478
ФИО покупателя Назима Е.
Дата и время 27.12.2024 16:37
по Астане

Оплачено с Kaspi Gold
Agpec г. Алматы, Северное Кольцо (ТД Anan), 11
*Чек не является фискальным

2025-02-04 21:36:50 INFO  UpdateController:209 - Финальная сумма из чека: 0.0
2025-02-04 21:38:50 INFO  UpdateController:173 - Распознанный текст:
( a

Покупки

Ф ИП Sulu Home(6. 18-20)

Платеж успешно совершен

7 900 T

№ чека QR9003177265
ИИН/БИН продавца 921014451478
ФИО покупателя Назима Е.
Дата и время 27.12.2024 16:37
по Астане

Оплачено с Kaspi Gold
Agpec г. Алматы, Северное Кольцо (ТД Anan), 11
*Чек не является фискальным

2025-02-04 21:38:50 INFO  UpdateController:209 - Финальная сумма из чека: 0.0
